<?xml version="1.0" encoding="UTF-8"?>
<!-- Generated by org.testng.reporters.JUnitXMLReporter -->
<testsuite ignored="0" hostname="LIN22002678" failures="0" tests="3" name="Test" time="0.149" errors="0" timestamp="08 May 2020 13:04:56 GMT">
  <testcase classname="com.opencart.test.TestCaseVerifyHomePageTestOne" name="@BeforeClass setup" time="0.029">
    <failure type="java.io.FileNotFoundException" message="C:\Users\sachisha\eclipse-workspace\OpenCartAutomation\InputDataSetFile.properties (The system cannot find the path specified)">
      <![CDATA[java.io.FileNotFoundException: C:\Users\sachisha\eclipse-workspace\OpenCartAutomation\InputDataSetFile.properties (The system cannot find the path specified)
at java.base/java.io.FileInputStream.open0(Native Method)
at java.base/java.io.FileInputStream.open(FileInputStream.java:196)
at java.base/java.io.FileInputStream.<init>(FileInputStream.java:139)
at java.base/java.io.FileInputStream.<init>(FileInputStream.java:94)
at com.opencart.BaseTest.MainTest.SetDriver(MainTest.java:21)
at com.opencart.test.TestCaseVerifyHomePageTestOne.setup(VerifyHomePageTestOne.java:33)
... Removed 26 stack frames]]>
    </failure>
  </testcase> <!-- @BeforeClass setup -->
  <testcase classname="com.opencart.test.TestCaseVerifyHomePageTestOne" name="@AfterClass teardown" time="0.0">
    <skipped/>
  </testcase> <!-- @AfterClass teardown -->
  <testcase classname="com.opencart.test.TestCaseVerifySpecialOfferPage" name="@BeforeClass setup" time="0.001">
    <failure type="java.io.FileNotFoundException" message="C:\Users\sachisha\eclipse-workspace\OpenCartAutomation\InputDataSetFile.properties (The system cannot find the path specified)">
      <![CDATA[java.io.FileNotFoundException: C:\Users\sachisha\eclipse-workspace\OpenCartAutomation\InputDataSetFile.properties (The system cannot find the path specified)
at java.base/java.io.FileInputStream.open0(Native Method)
at java.base/java.io.FileInputStream.open(FileInputStream.java:196)
at java.base/java.io.FileInputStream.<init>(FileInputStream.java:139)
at java.base/java.io.FileInputStream.<init>(FileInputStream.java:94)
at com.opencart.BaseTest.MainTest.SetDriver(MainTest.java:21)
at com.opencart.test.TestCaseVerifySpecialOfferPage.setup(VerifySpecialOfferPage.java:23)
... Removed 26 stack frames]]>
    </failure>
  </testcase> <!-- @BeforeClass setup -->
  <testcase classname="com.opencart.test.TestCaseVerifySpecialOfferPage" name="@AfterClass teardown" time="0.0">
    <skipped/>
  </testcase> <!-- @AfterClass teardown -->
  <testcase classname="com.opencart.test.TestCaseVerifyHomePageTestOne" name="TestHomePage" time="0.0">
    <skipped/>
  </testcase> <!-- TestHomePage -->
  <testcase classname="com.opencart.test.TestCaseVerifySpecialOfferPage" name="TestSpecialOfferPage" time="0.0">
    <skipped/>
  </testcase> <!-- TestSpecialOfferPage -->
  <testcase classname="com.opencart.test.TestCaseVerifySpecialOfferPage" name="CallingMethodFromAnotherTestClass" time="0.0">
    <skipped/>
  </testcase> <!-- CallingMethodFromAnotherTestClass -->
</testsuite> <!-- Test -->
